2025-07-08 11:40:54,017 - INFO - FMP 股票數據處理器啟動
2025-07-08 11:40:54,018 - INFO - FMP 股票數據處理器初始化完成
2025-07-08 11:40:54,019 - INFO - 目標股票數量: 279
2025-07-08 11:40:54,019 - INFO - 目標年份: 2014-2024
2025-07-08 11:40:59,398 - INFO - 強制更新 AMZN 2014 年度數據...
2025-07-08 11:41:05,614 - INFO - 強制更新 AMZN 2015 年度數據...
2025-07-08 11:41:12,382 - INFO - 強制更新 AMZN 2016 年度數據...
2025-07-08 11:41:18,635 - INFO - 強制更新 AMZN 2017 年度數據...
2025-07-08 11:41:25,780 - INFO - 強制更新 AMZN 2018 年度數據...
2025-07-08 11:41:32,013 - INFO - 強制更新 AMZN 2019 年度數據...
2025-07-08 11:41:38,379 - INFO - 強制更新 AMZN 2020 年度數據...
2025-07-08 11:41:46,599 - INFO - 成功更新數據: AMZN 2020
2025-07-08 11:41:47,102 - INFO - 強制更新 AMZN 2021 年度數據...
2025-07-08 11:41:56,141 - INFO - 成功更新數據: AMZN 2021
2025-07-08 11:41:56,648 - INFO - 強制更新 AMZN 2022 年度數據...
2025-07-08 11:42:03,905 - INFO - 成功更新數據: AMZN 2022
2025-07-08 11:42:04,408 - INFO - 強制更新 AMZN 2023 年度數據...
2025-07-08 11:42:11,420 - INFO - 成功更新數據: AMZN 2023
2025-07-08 11:42:11,923 - INFO - 強制更新 AMZN 2024 年度數據...
2025-07-08 11:42:18,906 - INFO - 成功更新數據: AMZN 2024
